<?xml version="1.0" encoding="UTF-8"?>
<!-- Generated by org.testng.reporters.JUnitReportReporter -->
<testsuite hostname="DESKTOP-6MLC63T" failures="0" tests="1" name="NewPackage.DemoTest" time="48.966" errors="0" timestamp="2023-07-13T18:48:40 IST" skipped="0">
  <testcase classname="NewPackage.DemoTest" name="newTest" time="48.966"/>
  <system-out/>
</testsuite> <!-- NewPackage.DemoTest -->
